Start testing: Jun 22 02:23 PKT
----------------------------------------------------------
1/1 Testing: QueueTest
1/1 Test: QueueTest
Command: "/home/rizwan-pc/Desktop/ThreadSafeQueue/build/test_Queue"
Directory: /home/rizwan-pc/Desktop/ThreadSafeQueue/build
"QueueTest" start time: Jun 22 02:23 PKT
Output:
----------------------------------------------------------
Running main() from ./googletest/src/gtest_main.cc
[==========] Running 6 tests from 1 test suite.
[----------] Global test environment set-up.
[----------] 6 tests from QueueTest
[ RUN      ] QueueTest.InitialState
[       OK ] QueueTest.InitialState (0 ms)
[ RUN      ] QueueTest.Push
[       OK ] QueueTest.Push (0 ms)
[ RUN      ] QueueTest.Pop
[       OK ] QueueTest.Pop (0 ms)
[ RUN      ] QueueTest.PopWithTimeout
[       OK ] QueueTest.PopWithTimeout (100 ms)
[ RUN      ] QueueTest.PopWithTimeoutThrows
[       OK ] QueueTest.PopWithTimeoutThrows (100 ms)
[ RUN      ] QueueTest.ThreadSafety
[       OK ] QueueTest.ThreadSafety (251 ms)
[----------] 6 tests from QueueTest (452 ms total)

[----------] Global test environment tear-down
[==========] 6 tests from 1 test suite ran. (453 ms total)
[  PASSED  ] 6 tests.
<end of output>
Test time =   0.46 sec
----------------------------------------------------------
Test Passed.
"QueueTest" end time: Jun 22 02:23 PKT
"QueueTest" time elapsed: 00:00:00
----------------------------------------------------------

End testing: Jun 22 02:23 PKT
