Start testing: Jun 19 20:45 UTC
----------------------------------------------------------
1/1 Testing: QueueTest
1/1 Test: QueueTest
Command: "/home/ubuntu/Desktop/ThreadSafeQueue/build/test_Queue"
Directory: /home/ubuntu/Desktop/ThreadSafeQueue/build
"QueueTest" start time: Jun 19 20:45 UTC
Output:
----------------------------------------------------------
Running main() from ./googletest/src/gtest_main.cc
[==========] Running 6 tests from 1 test suite.
[----------] Global test environment set-up.
[----------] 6 tests from QueueTest
[ RUN      ] QueueTest.InitialState
[       OK ] QueueTest.InitialState (0 ms)
[ RUN      ] QueueTest.Push
[       OK ] QueueTest.Push (0 ms)
[ RUN      ] QueueTest.Pop
[       OK ] QueueTest.Pop (0 ms)
[ RUN      ] QueueTest.PopWithTimeout
[       OK ] QueueTest.PopWithTimeout (101 ms)
[ RUN      ] QueueTest.PopWithTimeoutThrows
[       OK ] QueueTest.PopWithTimeoutThrows (101 ms)
[ RUN      ] QueueTest.ThreadSafety
[       OK ] QueueTest.ThreadSafety (255 ms)
[----------] 6 tests from QueueTest (458 ms total)

[----------] Global test environment tear-down
[==========] 6 tests from 1 test suite ran. (459 ms total)
[  PASSED  ] 6 tests.
<end of output>
Test time =   0.47 sec
----------------------------------------------------------
Test Passed.
"QueueTest" end time: Jun 19 20:45 UTC
"QueueTest" time elapsed: 00:00:00
----------------------------------------------------------

End testing: Jun 19 20:45 UTC
